#-----------------------------------------------------------
# Vivado v2018.3 (64-bit)
# SW Build 2405991 on Thu Dec  6 23:38:27 MST 2018
# IP Build 2404404 on Fri Dec  7 01:43:56 MST 2018
# Start of session at: Fri Nov  1 10:04:03 2019
# Process ID: 6220
# Current directory: C:/Users/gaiya/Desktop/lab2-sd/lab2-parkade-eclass/parkade
# Command line: vivado.exe -gui_launcher_event rodinguilauncherevent7336 C:\Users\gaiya\Desktop\lab2-sd\lab2-parkade-eclass\parkade\parkade.xpr
# Log file: C:/Users/gaiya/Desktop/lab2-sd/lab2-parkade-eclass/parkade/vivado.log
# Journal file: C:/Users/gaiya/Desktop/lab2-sd/lab2-parkade-eclass/parkade\vivado.jou
#-----------------------------------------------------------
start_gui
open_project C:/Users/gaiya/Desktop/lab2-sd/lab2-parkade-eclass/parkade/parkade.xpr
Scanning sources...
Finished scanning sources
INFO: [IP_Flow 19-234] Refreshing IP repositories
INFO: [IP_Flow 19-1704] No user IP repositories specified
INFO: [IP_Flow 19-2313] Loaded Vivado IP repository 'C:/Xilinx/Vivado/2018.3/data/ip'.
open_project: Time (s): cpu = 00:00:15 ; elapsed = 00:00:15 . Memory (MB): peak = 680.637 ; gain = 90.934
uupdate_compile_order -fileset sources_1rWARNING: [Common 17-9] Error reading message records.
WARNING: [Common 17-9] Error reading message records.
WARNING: [Common 17-9] Error reading message records.
WARNING: [Common 17-9] Error reading message records.
WARNING: [Common 17-9] Error reading message records.
exit
INFO: [Common 17-206] Exiting Vivado at Fri Nov  1 15:29:05 2019...
b2-parkade-eclass/parkade/parkade.runs/synth_1/runme.log
launch_runs impl_1 -jobs 4
[Fri Nov  1 10:18:21 2019] Launched impl_1...
Run output will be captured here: C:/Users/gaiya/Desktop/lab2-sd/lab2-parkade-eclass/parkade/parkade.runs/impl_1/runme.log
launch_runs impl_1 -to_step write_bitstream -jobs 4
[Fri Nov  1 10:19:14 2019] Launched impl_1...
Run output will be captured here: C:/Users/gaiya/Desktop/lab2-sd/lab2-parkade-eclass/parkade/parkade.runs/impl_1/runme.log
open_run impl_1
INFO: [Netlist 29-17] Analyzing 4 Unisim elements for replacement
INFO: [Netlist 29-28] Unisim Transformation completed in 0 CPU seconds
INFO: [Project 1-479] Netlist was created with Vivado 2018.3
INFO: [Device 21-403] Loading part xc7z010clg400-1
INFO: [Project 1-570] Preparing netlist for logic optimization
INFO: [Timing 38-478] Restoring timing data from binary archive.
INFO: [Timing 38-479] Binary timing data restore complete.
INFO: [Project 1-856] Restoring constraints from binary archive.
INFO: [Project 1-853] Binary constraint restore complete.
Reading XDEF placement.
Reading placer database...
Reading XDEF routing.
Read XDEF File: Time (s): cpu = 00:00:00 ; elapsed = 00:00:00.046 . Memory (MB): peak = 1517.941 ; gain = 0.000
Restored from archive | CPU: 0.000000 secs | Memory: 0.000000 MB |
Finished XDEF File Restore: Time (s): cpu = 00:00:00 ; elapsed = 00:00:00.046 . Memory (MB): peak = 1517.941 ; gain = 0.000
Netlist sorting complete. Time (s): cpu = 00:00:00 ; elapsed = 00:00:00 . Memory (MB): peak = 1517.941 ; gain = 0.000
INFO: [Project 1-111] Unisim Transformation Summary:
No Unisim elements were transformed.

open_run: Time (s): cpu = 00:00:23 ; elapsed = 00:00:17 . Memory (MB): peak = 1658.617 ; gain = 946.793
reset_run synth_1
WARNING: [Vivado 12-1017] Problems encountered:
1. Failed to delete one or more files in run directory C:/Users/gaiya/Desktop/lab2-sd/lab2-parkade-eclass/parkade/parkade.runs/synth_1

launch_runs synth_1 -jobs 4
[Fri Nov  1 10:49:08 2019] Launched synth_1...
Run output will be captured here: C:/Users/gaiya/Desktop/lab2-sd/lab2-parkade-eclass/parkade/parkade.runs/synth_1/runme.log
launch_runs impl_1 -jobs 4
[Fri Nov  1 10:50:19 2019] Launched impl_1...
Run output will be captured here: C:/Users/gaiya/Desktop/lab2-sd/lab2-parkade-eclass/parkade/parkade.runs/impl_1/runme.log
launch_runs impl_1 -to_step write_bitstream -jobs 4
[Fri Nov  1 13:02:13 2019] Launched impl_1...
Run output will be captured here: C:/Users/gaiya/Desktop/lab2-sd/lab2-parkade-eclass/parkade/parkade.runs/impl_1/runme.log
refresh_design
INFO: [Netlist 29-17] Analyzing 134 Unisim elements for replacement
INFO: [Netlist 29-28] Unisim Transformation completed in 0 CPU seconds
WARNING: [Netlist 29-101] Netlist 'parkade' is not ideal for floorplanning, since the cellview 'parkade' contains a large number of primitives.  Please consider enabling hierarchy in synthesis if you want to do floorplanning.
INFO: [Project 1-479] Netlist was created with Vivado 2018.3
INFO: [Project 1-570] Preparing netlist for logic optimization
INFO: [Timing 38-478] Restoring timing data from binary archive.
INFO: [Timing 38-479] Binary timing data restore complete.
INFO: [Project 1-856] Restoring constraints from binary archive.
INFO: [Project 1-853] Binary constraint restore complete.
Reading XDEF placement.
Reading placer database...
Reading XDEF routing.
Read XDEF File: Time (s): cpu = 00:00:00 ; elapsed = 00:00:00.130 . Memory (MB): peak = 1687.512 ; gain = 0.000
Restored from archive | CPU: 0.000000 secs | Memory: 0.000000 MB |
Finished XDEF File Restore: Time (s): cpu = 00:00:00 ; elapsed = 00:00:00.131 . Memory (MB): peak = 1687.512 ; gain = 0.000
open_hw
connect_hw_server
INFO: [Labtools 27-2285] Connecting to hw_server url TCP:localhost:3121
INFO: [Labtools 27-2222] Launching hw_server...
INFO: [Labtools 27-2221] Launch Output:

****** Xilinx hw_server v2018.3
  **** Build date : Dec  7 2018-00:40:27
    ** Copyright 1986-2018 Xilinx, Inc. All Rights Reserved.


open_hw_target
INFO: [Labtoolstcl 44-466] Opening hw_target localhost:3121/xilinx_tcf/Digilent/210351A7800DA
open_hw_target: Time (s): cpu = 00:00:03 ; elapsed = 00:00:06 . Memory (MB): peak = 2777.414 ; gain = 914.836
set_property PROGRAM.FILE {C:/Users/gaiya/Desktop/lab2-sd/lab2-parkade-eclass/parkade/parkade.runs/impl_1/parkade.bit} [get_hw_devices xc7z010_1]
current_hw_device [get_hw_devices xc7z010_1]
refresh_hw_device -update_hw_probes false [lindex [get_hw_devices xc7z010_1] 0]
INFO: [Labtools 27-1434] Device xc7z010 (JTAG device index = 1) is programmed with a design that has no supported debug core(s) in it.
set_property PROBES.FILE {} [get_hw_devices xc7z010_1]
set_property FULL_PROBES.FILE {} [get_hw_devices xc7z010_1]
set_property PROGRAM.FILE {C:/Users/gaiya/Desktop/lab2-sd/lab2-parkade-eclass/parkade/parkade.runs/impl_1/parkade.bit} [get_hw_devices xc7z010_1]
program_hw_devices [get_hw_devices xc7z010_1]
INFO: [Labtools 27-3164] End of startup status: HIGH
refresh_hw_device [lindex [get_hw_devices xc7z010_1] 0]
INFO: [Labtools 27-1434] Device xc7z010 (JTAG device index = 1) is programmed with a design that has no supported debug core(s) in it.
refresh_hw_device [lindex [get_hw_devices xc7z010_1] 0]
INFO: [Labtools 27-1434] Device xc7z010 (JTAG device index = 1) is programmed with a design that has no supported debug core(s) in it.
refresh_hw_device [lindex [get_hw_devices xc7z010_1] 0]
INFO: [Labtools 27-1434] Device xc7z010 (JTAG device index = 1) is programmed with a design that has no supported debug core(s) in it.
ERROR: [Labtoolstcl 44-513] HW Target shutdown. Closing target: localhost:3121/xilinx_tcf/Digilent/210351A7800DA
INFO: [Labtoolstcl 44-466] Opening hw_target localhost:3121/xilinx_tcf/Digilent/210351A7800DA
WARNING: [Labtoolstcl 44-129] No matching hw_ila_data was found.
INFO: [Labtools 27-1434] Device xc7z010 (JTAG device index = 1) is programmed with a design that has no supported debug core(s) in it.
WARNING: [Labtoolstcl 44-129] No matching hw_ila_data was found.
reset_run synth_1
WARNING: [Vivado 12-1017] Problems encountered:
1. Failed to delete one or more files in run directory C:/Users/gaiya/Desktop/lab2-sd/lab2-parkade-eclass/parkade/parkade.runs/synth_1

launch_runs synth_1 -jobs 4
[Fri Nov  1 14:03:00 2019] Launched synth_1...
Run output will be captured here: C:/Users/gaiya/Desktop/lab2-sd/lab2-parkade-eclass/parkade/parkade.runs/synth_1/runme.log
launch_runs impl_1 -jobs 4
[Fri Nov  1 14:03:39 2019] Launched impl_1...
Run output will be captured here: C:/Users/gaiya/Desktop/lab2-sd/lab2-parkade-eclass/parkade/parkade.runs/impl_1/runme.log
launch_runs impl_1 -to_step write_bitstream -jobs 4
[Fri Nov  1 14:04:49 2019] Launched impl_1...
Run output will be captured here: C:/Users/gaiya/Desktop/lab2-sd/lab2-parkade-eclass/parkade/parkade.runs/impl_1/runme.log
set_property PROBES.FILE {} [get_hw_devices xc7z010_1]
set_property FULL_PROBES.FILE {} [get_hw_devices xc7z010_1]
set_property PROGRAM.FILE {C:/Users/gaiya/Desktop/lab2-sd/lab2-parkade-eclass/parkade/parkade.runs/impl_1/parkade.bit} [get_hw_devices xc7z010_1]
program_hw_devices [get_hw_devices xc7z010_1]
INFO: [Labtools 27-3164] End of startup status: HIGH
refresh_hw_device [lindex [get_hw_devices xc7z010_1] 0]
INFO: [Labtools 27-1434] Device xc7z010 (JTAG device index = 1) is programmed with a design that has no supported debug core(s) in it.
set_property PROBES.FILE {} [get_hw_devices xc7z010_1]
set_property FULL_PROBES.FILE {} [get_hw_devices xc7z010_1]
set_property PROGRAM.FILE {C:/Users/gaiya/Desktop/lab2-sd/lab2-parkade-eclass/parkade/parkade.runs/impl_1/parkade.bit} [get_hw_devices xc7z010_1]
program_hw_devices [get_hw_devices xc7z010_1]
INFO: [Labtools 27-3164] End of startup status: HIGH
refresh_hw_device [lindex [get_hw_devices xc7z010_1] 0]
INFO: [Labtools 27-1434] Device xc7z010 (JTAG device index = 1) is programmed with a design that has no supported debug core(s) in it.
set_property PROBES.FILE {} [get_hw_devices xc7z010_1]
set_property FULL_PROBES.FILE {} [get_hw_devices xc7z010_1]
set_property PROGRAM.FILE {C:/Users/gaiya/Desktop/lab2-sd/lab2-parkade-eclass/parkade/parkade.runs/impl_1/parkade.bit} [get_hw_devices xc7z010_1]
program_hw_devices [get_hw_devices xc7z010_1]
INFO: [Labtools 27-3164] End of startup status: HIGH
refresh_hw_device [lindex [get_hw_devices xc7z010_1] 0]
INFO: [Labtools 27-1434] Device xc7z010 (JTAG device index = 1) is programmed with a design that has no supported debug core(s) in it.
set_property PROBES.FILE {} [get_hw_devices xc7z010_1]
set_property FULL_PROBES.FILE {} [get_hw_devices xc7z010_1]
set_property PROGRAM.FILE {C:/Users/gaiya/Desktop/lab2-sd/lab2-parkade-eclass/parkade/parkade.runs/impl_1/parkade.bit} [get_hw_devices xc7z010_1]
program_hw_devices [get_hw_devices xc7z010_1]
INFO: [Labtools 27-3164] End of startup status: HIGH
refresh_hw_device [lindex [get_hw_devices xc7z010_1] 0]
INFO: [Labtools 27-1434] Device xc7z010 (JTAG device index = 1) is programmed with a design that has no supported debug core(s) in it.
set_property PROBES.FILE {} [get_hw_devices xc7z010_1]
set_property FULL_PROBES.FILE {} [get_hw_devices xc7z010_1]
set_property PROGRAM.FILE {C:/Users/gaiya/Desktop/lab2-sd/lab2-parkade-eclass/parkade/parkade.runs/impl_1/parkade.bit} [get_hw_devices xc7z010_1]
program_hw_devices [get_hw_devices xc7z010_1]
INFO: [Labtools 27-3164] End of startup status: HIGH
refresh_hw_device [lindex [get_hw_devices xc7z010_1] 0]
INFO: [Labtools 27-1434] Device xc7z010 (JTAG device index = 1) is programmed with a design that has no supported debug core(s) in it.
reset_run synth_1
WARNING: [Vivado 12-1017] Problems encountered:
1. Failed to delete one or more files in run directory C:/Users/gaiya/Desktop/lab2-sd/lab2-parkade-eclass/parkade/parkade.runs/synth_1

launch_runs synth_1 -jobs 4
[Fri Nov  1 14:28:28 2019] Launched synth_1...
Run output will be captured here: C:/Users/gaiya/Desktop/lab2-sd/lab2-parkade-eclass/parkade/parkade.runs/synth_1/runme.log
launch_runs impl_1 -jobs 4
[Fri Nov  1 14:29:06 2019] Launched impl_1...
Run output will be captured here: C:/Users/gaiya/Desktop/lab2-sd/lab2-parkade-eclass/parkade/parkade.runs/impl_1/runme.log
launch_runs impl_1 -to_step write_bitstream -jobs 4
[Fri Nov  1 14:30:02 2019] Launched impl_1...
Run output will be captured here: C:/Users/gaiya/Desktop/lab2-sd/lab2-parkade-eclass/parkade/parkade.runs/impl_1/runme.log
set_property PROBES.FILE {} [get_hw_devices xc7z010_1]
set_property FULL_PROBES.FILE {} [get_hw_devices xc7z010_1]
set_property PROGRAM.FILE {C:/Users/gaiya/Desktop/lab2-sd/lab2-parkade-eclass/parkade/parkade.runs/impl_1/parkade.bit} [get_hw_devices xc7z010_1]
program_hw_devices [get_hw_devices xc7z010_1]
INFO: [Labtools 27-3164] End of startup status: HIGH
refresh_hw_device [lindex [get_hw_devices xc7z010_1] 0]
INFO: [Labtools 27-1434] Device xc7z010 (JTAG device index = 1) is programmed with a design that has no supported debug core(s) in it.
reset_run synth_1
WARNING: [Vivado 12-1017] Problems encountered:
1. Failed to delete one or more files in run directory C:/Users/gaiya/Desktop/lab2-sd/lab2-parkade-eclass/parkade/parkade.runs/synth_1

launch_runs synth_1 -jobs 4
[Fri Nov  1 14:49:50 2019] Launched synth_1...
Run output will be captured here: C:/Users/gaiya/Desktop/lab2-sd/lab2-parkade-eclass/parkade/parkade.runs/synth_1/runme.log
launch_runs impl_1 -jobs 4
[Fri Nov  1 14:50:32 2019] Launched impl_1...
Run output will be captured here: C:/Users/gaiya/Desktop/lab2-sd/lab2-parkade-eclass/parkade/parkade.runs/impl_1/runme.log
launch_runs impl_1 -to_step write_bitstream -jobs 4
[Fri Nov  1 14:51:28 2019] Launched impl_1...
Run output will be captured here: C:/Users/gaiya/Desktop/lab2-sd/lab2-parkade-eclass/parkade/parkade.runs/impl_1/runme.log
set_property PROBES.FILE {} [get_hw_devices xc7z010_1]
set_property FULL_PROBES.FILE {} [get_hw_devices xc7z010_1]
set_property PROGRAM.FILE {C:/Users/gaiya/Desktop/lab2-sd/lab2-parkade-eclass/parkade/parkade.runs/impl_1/parkade.bit} [get_hw_devices xc7z010_1]
program_hw_devices [get_hw_devices xc7z010_1]
INFO: [Labtools 27-3164] End of startup status: HIGH
refresh_hw_device [lindex [get_hw_devices xc7z010_1] 0]
INFO: [Labtools 27-1434] Device xc7z010 (JTAG device index = 1) is programmed with a design that has no supported debug core(s) in it.
ERROR: [Labtoolstcl 44-513] HW Target shutdown. Closing target: localhost:3121/xilinx_tcf/Digilent/210351A7800DA
INFO: [Labtoolstcl 44-466] Opening hw_target localhost:3121/xilinx_tcf/Digilent/210351A7800DA
WARNING: [Labtoolstcl 44-129] No matching hw_ila_data was found.
INFO: [Labtools 27-1434] Device xc7z010 (JTAG device index = 1) is programmed with a design that has no supported debug core(s) in it.
WARNING: [Labtoolstcl 44-129] No matching hw_ila_data was found.
