#-----------------------------------------------------------
# Vivado v2018.3 (64-bit)
# SW Build 2405991 on Thu Dec  6 23:38:27 MST 2018
# IP Build 2404404 on Fri Dec  7 01:43:56 MST 2018
# Start of session at: Thu Oct 31 19:25:45 2019
# Process ID: 7684
# Current directory: C:/Users/gaiya/Desktop/lab2-sd/lab2-parkade-eclass/parkade
# Command line: vivado.exe -gui_launcher_event rodinguilauncherevent2252 C:\Users\gaiya\Desktop\lab2-sd\lab2-parkade-eclass\parkade\parkade.xpr
# Log file: C:/Users/gaiya/Desktop/lab2-sd/lab2-parkade-eclass/parkade/vivado.log
# Journal file: C:/Users/gaiya/Desktop/lab2-sd/lab2-parkade-eclass/parkade\vivado.jou
#-----------------------------------------------------------
start_gui
open_project C:/Users/gaiya/Desktop/lab2-sd/lab2-parkade-eclass/parkade/parkade.xpr
Scanning sources...
Finished scanning sources
INFO: [IP_Flow 19-234] Refreshing IP repositories
INFO: [IP_Flow 19-1704] No user IP repositories specified
INFO: [IP_Flow 19-2313] Loaded Vivado IP repository 'C:/Xilinx/Vivado/2018.3/data/ip'.
open_project: Time (s): cpu = 00:00:12 ; elapsed = 00:00:06 . Memory (MB): peak = 646.211 ; gain = 61.801
update_compile_order -fileset sources_1
reset_run synth_1
launch_runs synth_1 -jobs 4
[Thu Oct 31 20:12:16 2019] Launched synth_1...
Run output will be captured here: C:/Users/gaiya/Desktop/lab2-sd/lab2-parkade-eclass/parkade/parkade.runs/synth_1/runme.log
launch_runs impl_1 -jobs 4
[Thu Oct 31 20:14:18 2019] Launched impl_1...
Run output will be captured here: C:/Users/gaiya/Desktop/lab2-sd/lab2-parkade-eclass/parkade/parkade.runs/impl_1/runme.log
launch_runs impl_1 -to_step write_bitstream -jobs 4
[Thu Oct 31 20:15:09 2019] Launched impl_1...
Run output will be captured here: C:/Users/gaiya/Desktop/lab2-sd/lab2-parkade-eclass/parkade/parkade.runs/impl_1/runme.log
open_hw
connect_hw_server
INFO: [Labtools 27-2285] Connecting to hw_server url TCP:localhost:3121
INFO: [Labtools 27-2222] Launching hw_server...
INFO: [Labtools 27-2221] Launch Output:

****** Xilinx hw_server v2018.3
  **** Build date : Dec  7 2018-00:40:27
    ** Copyright 1986-2018 Xilinx, Inc. All Rights Reserved.


disconnect_hw_server localhost:3121
connect_hw_server
INFO: [Labtools 27-2285] Connecting to hw_server url TCP:localhost:3121
open_hw_target
INFO: [Labtoolstcl 44-466] Opening hw_target localhost:3121/xilinx_tcf/Digilent/210351A7800DA
open_hw_target: Time (s): cpu = 00:00:04 ; elapsed = 00:00:06 . Memory (MB): peak = 1680.449 ; gain = 937.422
set_property PROGRAM.FILE {C:/Users/gaiya/Desktop/lab2-sd/lab2-parkade-eclass/parkade/parkade.runs/impl_1/parkade.bit} [get_hw_devices xc7z010_1]
current_hw_device [get_hw_devices xc7z010_1]
refresh_hw_device -update_hw_probes false [lindex [get_hw_devices xc7z010_1] 0]
INFO: [Labtools 27-1434] Device xc7z010 (JTAG device index = 1) is programmed with a design that has no supported debug core(s) in it.
set_property PROBES.FILE {} [get_hw_devices xc7z010_1]
set_property FULL_PROBES.FILE {} [get_hw_devices xc7z010_1]
set_property PROGRAM.FILE {C:/Users/gaiya/Desktop/lab2-sd/lab2-parkade-eclass/parkade/parkade.runs/impl_1/parkade.bit} [get_hw_devices xc7z010_1]
program_hw_devices [get_hw_devices xc7z010_1]
INFO: [Labtools 27-3164] End of startup status: HIGH
refresh_hw_device [lindex [get_hw_devices xc7z010_1] 0]
INFO: [Labtools 27-1434] Device xc7z010 (JTAG device index = 1) is programmed with a design that has no supported debug core(s) in it.
reset_run synth_1
WARNING: [Vivado 12-1017] Problems encountered:
1. Failed to delete one or more files in run directory C:/Users/gaiya/Desktop/lab2-sd/lab2-parkade-eclass/parkade/parkade.runs/synth_1

launch_runs synth_1 -jobs 4
[Thu Oct 31 20:18:54 2019] Launched synth_1...
Run output will be captured here: C:/Users/gaiya/Desktop/lab2-sd/lab2-parkade-eclass/parkade/parkade.runs/synth_1/runme.log
launch_runs impl_1 -jobs 4
[Thu Oct 31 20:19:32 2019] Launched impl_1...
Run output will be captured here: C:/Users/gaiya/Desktop/lab2-sd/lab2-parkade-eclass/parkade/parkade.runs/impl_1/runme.log
launch_runs impl_1 -to_step write_bitstream -jobs 4
[Thu Oct 31 20:20:35 2019] Launched impl_1...
Run output will be captured here: C:/Users/gaiya/Desktop/lab2-sd/lab2-parkade-eclass/parkade/parkade.runs/impl_1/runme.log
open_run impl_1
INFO: [Netlist 29-17] Analyzing 4 Unisim elements for replacement
INFO: [Netlist 29-28] Unisim Transformation completed in 0 CPU seconds
INFO: [Project 1-479] Netlist was created with Vivado 2018.3
INFO: [Device 21-403] Loading part xc7z010clg400-1
INFO: [Project 1-570] Preparing netlist for logic optimization
INFO: [Timing 38-478] Restoring timing data from binary archive.
INFO: [Timing 38-479] Binary timing data restore complete.
INFO: [Project 1-856] Restoring constraints from binary archive.
INFO: [Project 1-853] Binary constraint restore complete.
Reading XDEF placement.
Reading placer database...
Reading XDEF routing.
Read XDEF File: Time (s): cpu = 00:00:00 ; elapsed = 00:00:00.047 . Memory (MB): peak = 2525.465 ; gain = 0.000
Restored from archive | CPU: 0.000000 secs | Memory: 0.000000 MB |
Finished XDEF File Restore: Time (s): cpu = 00:00:00 ; elapsed = 00:00:00.049 . Memory (MB): peak = 2525.465 ; gain = 0.000
Netlist sorting complete. Time (s): cpu = 00:00:00 ; elapsed = 00:00:00 . Memory (MB): peak = 2525.465 ; gain = 0.000
INFO: [Project 1-111] Unisim Transformation Summary:
No Unisim elements were transformed.

open_run: Time (s): cpu = 00:00:27 ; elapsed = 00:00:24 . Memory (MB): peak = 2642.578 ; gain = 928.086
set_property PROBES.FILE {} [get_hw_devices xc7z010_1]
set_property FULL_PROBES.FILE {} [get_hw_devices xc7z010_1]
set_property PROGRAM.FILE {C:/Users/gaiya/Desktop/lab2-sd/lab2-parkade-eclass/parkade/parkade.runs/impl_1/parkade.bit} [get_hw_devices xc7z010_1]
program_hw_devices [get_hw_devices xc7z010_1]
INFO: [Labtools 27-3164] End of startup status: HIGH
refresh_hw_device [lindex [get_hw_devices xc7z010_1] 0]
INFO: [Labtools 27-1434] Device xc7z010 (JTAG device index = 1) is programmed with a design that has no supported debug core(s) in it.
reset_run synth_1
WARNING: [Vivado 12-1017] Problems encountered:
1. Failed to delete one or more files in run directory C:/Users/gaiya/Desktop/lab2-sd/lab2-parkade-eclass/parkade/parkade.runs/synth_1

launch_runs synth_1 -jobs 4
[Thu Oct 31 20:28:53 2019] Launched synth_1...
Run output will be captured here: C:/Users/gaiya/Desktop/lab2-sd/lab2-parkade-eclass/parkade/parkade.runs/synth_1/runme.log
launch_runs impl_1 -jobs 4
[Thu Oct 31 20:29:50 2019] Launched impl_1...
Run output will be captured here: C:/Users/gaiya/Desktop/lab2-sd/lab2-parkade-eclass/parkade/parkade.runs/impl_1/runme.log
launch_runs impl_1 -to_step write_bitstream -jobs 4
[Thu Oct 31 20:31:19 2019] Launched impl_1...
Run output will be captured here: C:/Users/gaiya/Desktop/lab2-sd/lab2-parkade-eclass/parkade/parkade.runs/impl_1/runme.log
set_property PROBES.FILE {} [get_hw_devices xc7z010_1]
set_property FULL_PROBES.FILE {} [get_hw_devices xc7z010_1]
set_property PROGRAM.FILE {C:/Users/gaiya/Desktop/lab2-sd/lab2-parkade-eclass/parkade/parkade.runs/impl_1/parkade.bit} [get_hw_devices xc7z010_1]
program_hw_devices [get_hw_devices xc7z010_1]
INFO: [Labtools 27-3164] End of startup status: HIGH
refresh_hw_device [lindex [get_hw_devices xc7z010_1] 0]
INFO: [Labtools 27-1434] Device xc7z010 (JTAG device index = 1) is programmed with a design that has no supported debug core(s) in it.
exit
INFO: [Common 17-206] Exiting Vivado at Thu Oct 31 20:35:00 2019...
