#-----------------------------------------------------------
# Vivado v2018.3 (64-bit)
# SW Build 2405991 on Thu Dec  6 23:38:27 MST 2018
# IP Build 2404404 on Fri Dec  7 01:43:56 MST 2018
# Start of session at: Tue Dec 24 19:32:27 2019
# Process ID: 3344
# Current directory: C:/Users/maade/Desktop/ECE 410 LAB/LAB 2/D51_Madeeha_Anjum_Abuni_Gaiya/Part4_Parkade/parkade
# Command line: vivado.exe -gui_launcher_event rodinguilauncherevent11272 C:\Users\maade\Desktop\ECE 410 LAB\LAB 2\D51_Madeeha_Anjum_Abuni_Gaiya\Part4_Parkade\parkade\parkade.xpr
# Log file: C:/Users/maade/Desktop/ECE 410 LAB/LAB 2/D51_Madeeha_Anjum_Abuni_Gaiya/Part4_Parkade/parkade/vivado.log
# Journal file: C:/Users/maade/Desktop/ECE 410 LAB/LAB 2/D51_Madeeha_Anjum_Abuni_Gaiya/Part4_Parkade/parkade\vivado.jou
#-----------------------------------------------------------
start_gui
open_project {C:/Users/maade/Desktop/ECE 410 LAB/LAB 2/D51_Madeeha_Anjum_Abuni_Gaiya/Part4_Parkade/parkade/parkade.xpr}
INFO: [ProjectBase 1-489] The host OS only allows 260 characters in a normal path. The project is stored in a path with more than 80 characters. If you experience issues with IP, Block Designs, or files not being found, please consider moving the project to a location with a shorter path. Alternately consider using the OS subst command to map part of the path to a drive letter.
Current project path is 'C:/Users/maade/Desktop/ECE 410 LAB/LAB 2/D51_Madeeha_Anjum_Abuni_Gaiya/Part4_Parkade/parkade'
INFO: [Project 1-313] Project file moved from 'C:/Users/maade/Desktop/ECE 410 LAB/LAB 2/lab2-sd/Part4_Parkade/parkade' since last save.
Scanning sources...
Finished scanning sources
INFO: [IP_Flow 19-234] Refreshing IP repositories
INFO: [IP_Flow 19-1704] No user IP repositories specified
INFO: [IP_Flow 19-2313] Loaded Vivado IP repository 'C:/Xilinx/Vivado/2018.3/data/ip'.
open_project: Time (s): cpu = 00:00:26 ; elapsed = 00:00:13 . Memory (MB): peak = 812.797 ; gain = 218.102
update_compile_order -fileset sources_1
exit
INFO: [Common 17-206] Exiting Vivado at Tue Dec 24 19:33:43 2019...
